<?xml version="1.0" encoding="UTF-8"?>
<!-- Generated by org.testng.reporters.JUnitReportReporter -->
<testsuite hostname="LAPTOP-E7OUSJFP" failures="0" tests="1" name="testCases.TC002_InValidRegister" time="1.598" errors="0" timestamp="2024-05-19T12:16:07 EEST" skipped="0">
  <testcase classname="testCases.TC002_InValidRegister" name="registerExsitingCustomerTest" time="1.598"/>
</testsuite> <!-- testCases.TC002_InValidRegister -->
