<?xml version="1.0" encoding="UTF-8"?>
<!-- Generated by org.testng.reporters.JUnitReportReporter -->
<testsuite hostname="LAPTOP-E7OUSJFP" failures="0" tests="1" name="testCases.TC004_InvalidPasswordLoginTest" time="0.920" errors="0" timestamp="2024-05-19T12:16:07 EEST" skipped="0">
  <testcase classname="testCases.TC004_InvalidPasswordLoginTest" name="LoginWithValidUserNameAndInvalidPasswordTest" time="0.920"/>
</testsuite> <!-- testCases.TC004_InvalidPasswordLoginTest -->
