<?xml version="1.0" encoding="UTF-8"?>
<!-- Generated by org.testng.reporters.JUnitReportReporter -->
<testsuite hostname="LAPTOP-E7OUSJFP" failures="0" tests="1" name="testCases.TC010_E2ETest" time="10.041" errors="0" timestamp="2024-08-08T00:56:50 EEST" skipped="0">
  <testcase classname="testCases.TC010_E2ETest" name="E2ETest" time="10.041"/>
</testsuite> <!-- testCases.TC010_E2ETest -->
