<?xml version="1.0" encoding="UTF-8"?>
<!-- Generated by org.testng.reporters.JUnitReportReporter -->
<testsuite hostname="LAPTOP-E7OUSJFP" failures="0" tests="1" name="testCases.TC004_InvalidLoginTest" time="3.694" errors="0" timestamp="2024-05-17T21:30:32 EEST" skipped="0">
  <testcase classname="testCases.TC004_InvalidLoginTest" name="LoginWithValidUserNameAndInvalidPasswordTest" time="3.694"/>
</testsuite> <!-- testCases.TC004_InvalidLoginTest -->
