<?xml version="1.0" encoding="UTF-8"?>
<!-- Generated by org.testng.reporters.JUnitReportReporter -->
<testsuite hostname="LAPTOP-E7OUSJFP" failures="0" tests="1" name="demo.DemoTest" time="3.671" errors="0" timestamp="2024-05-22T11:13:32 EEST" skipped="0">
  <testcase classname="demo.DemoTest" name="testTest" time="3.671"/>
</testsuite> <!-- demo.DemoTest -->
