<?xml version="1.0" encoding="UTF-8"?>
<!-- Generated by org.testng.reporters.JUnitReportReporter -->
<testsuite hostname="LAPTOP-E7OUSJFP" failures="0" tests="1" name="testCases.InValidRegisterTest" time="1.451" errors="0" timestamp="2024-05-16T01:19:43 EEST" skipped="0">
  <testcase classname="testCases.InValidRegisterTest" name="registerExsitingCustomerTest" time="1.451"/>
</testsuite> <!-- testCases.InValidRegisterTest -->
