<?xml version="1.0" encoding="UTF-8"?>
<!-- Generated by org.testng.reporters.JUnitReportReporter -->
<testsuite hostname="LAPTOP-E7OUSJFP" failures="0" tests="1" name="testCases.TC007_DicountCodeTest" time="5.064" errors="0" timestamp="2024-05-19T12:16:07 EEST" skipped="0">
  <testcase classname="testCases.TC007_DicountCodeTest" name="addDiscountCodeTest" time="5.064"/>
</testsuite> <!-- testCases.TC007_DicountCodeTest -->
