<?xml version="1.0" encoding="UTF-8"?>
<!-- Generated by org.testng.reporters.JUnitReportReporter -->
<testsuite hostname="LAPTOP-E7OUSJFP" failures="0" tests="1" name="testCases.TC003_ValidLoginTest2" time="1.108" errors="0" timestamp="2024-05-17T22:34:14 EEST" skipped="0">
  <testcase classname="testCases.TC003_ValidLoginTest2" name="LoginWithValidDataTest" time="1.108"/>
</testsuite> <!-- testCases.TC003_ValidLoginTest2 -->
