<?xml version="1.0" encoding="UTF-8"?>
<!-- Generated by org.testng.reporters.JUnitReportReporter -->
<testsuite hostname="LAPTOP-E7OUSJFP" failures="0" tests="1" name="testCases.TC008_TermsOfServiceTest" time="4.317" errors="0" timestamp="2024-05-19T18:23:41 EEST" skipped="0">
  <testcase classname="testCases.TC008_TermsOfServiceTest" name="verifyMandatoryTermsOfServiceTest" time="4.317"/>
</testsuite> <!-- testCases.TC008_TermsOfServiceTest -->
