<?xml version="1.0" encoding="UTF-8"?>
<!-- Generated by org.testng.reporters.JUnitReportReporter -->
<testsuite hostname="LAPTOP-E7OUSJFP" failures="0" tests="1" name="testCases.TC009_BillingAdressMandatoryTest" time="5.634" errors="0" timestamp="2024-05-19T12:16:07 EEST" skipped="0">
  <testcase classname="testCases.TC009_BillingAdressMandatoryTest" name="verifyMandatoryTermsOfServiceTest" time="5.634"/>
</testsuite> <!-- testCases.TC009_BillingAdressMandatoryTest -->
