<?xml version="1.0" encoding="UTF-8"?>
<!-- Generated by org.testng.reporters.JUnitReportReporter -->
<testsuite hostname="LAPTOP-E7OUSJFP" failures="0" tests="1" name="testCases.TC001_ValidRegisterTest" time="1.413" errors="0" timestamp="2024-08-08T00:56:50 EEST" skipped="0">
  <testcase classname="testCases.TC001_ValidRegisterTest" name="registerNewCustomerTest" time="1.413"/>
</testsuite> <!-- testCases.TC001_ValidRegisterTest -->
