<?xml version="1.0" encoding="UTF-8"?>
<!-- Generated by org.testng.reporters.JUnitReportReporter -->
<testsuite hostname="LAPTOP-E7OUSJFP" failures="0" tests="1" name="demo.PoductPrice" time="2.945" errors="0" timestamp="2024-05-22T13:47:22 EEST" skipped="0">
  <testcase classname="demo.PoductPrice" name="testProductPrice" time="2.945"/>
</testsuite> <!-- demo.PoductPrice -->
