<?xml version="1.0" encoding="UTF-8"?>
<!-- Generated by org.testng.reporters.JUnitReportReporter -->
<testsuite hostname="LAPTOP-E7OUSJFP" failures="0" tests="1" name="testCases.TC002_InValidRegister" time="2.716" errors="0" timestamp="2024-05-19T18:23:41 EEST" skipped="0">
  <testcase classname="testCases.TC002_InValidRegister" name="registerExsitingCustomerTest" time="2.716"/>
</testsuite> <!-- testCases.TC002_InValidRegister -->
