<?xml version="1.0" encoding="UTF-8"?>
<!-- Generated by org.testng.reporters.JUnitReportReporter -->
<testsuite hostname="LAPTOP-E7OUSJFP" failures="0" tests="1" name="testCases.TC003_ValidLoginTest" time="1.101" errors="0" timestamp="2024-05-19T12:14:47 EEST" skipped="0">
  <testcase classname="testCases.TC003_ValidLoginTest" name="loginWithValidDataTest" time="1.101"/>
</testsuite> <!-- testCases.TC003_ValidLoginTest -->
